<?xml version="1.0" encoding="UTF-8"?>
<!-- Generated by org.testng.reporters.JUnitReportReporter -->
<testsuite hostname="VDAASW10DC03725" failures="0" tests="1" name="com.r3.testcases.ActionsKeywords" time="104.511" errors="0" timestamp="1 Dec 2023 08:13:22 GMT">
  <testcase classname="com.r3.testcases.ActionsKeywords" name="keywordEngine" time="104.511"/>
</testsuite> <!-- com.r3.testcases.ActionsKeywords -->
