<?xml version="1.0" encoding="UTF-8"?>
<!-- Generated by org.testng.reporters.JUnitReportReporter -->
<testsuite hostname="VDAASW10DC03725" failures="0" tests="1" name="com.r3.testcases.ActionsKeywords" time="99.195" errors="0" timestamp="27 Nov 2023 14:24:16 GMT">
  <testcase classname="com.r3.testcases.ActionsKeywords" name="keywordEngine" time="99.195"/>
</testsuite> <!-- com.r3.testcases.ActionsKeywords -->
